\BOOKMARK [1][-]{section.1}{\376\377\000I\000n\000t\000r\000o\000d\000u\000\347\000\343\000o}{}% 1
\BOOKMARK [1][-]{section.2}{\376\377\000V\000i\000s\000\343\000o\000\040\000G\000e\000r\000a\000l\000\040\000d\000o\000\040\000S\000i\000s\000t\000e\000m\000a}{}% 2
\BOOKMARK [2][-]{subsection.2.1}{\376\377\000F\000u\000n\000c\000i\000o\000n\000a\000l\000i\000d\000a\000d\000e\000s\000\040\000P\000r\000i\000n\000c\000i\000p\000a\000i\000s}{section.2}% 3
\BOOKMARK [1][-]{section.3}{\376\377\000A\000t\000o\000r\000e\000s\000\040\000d\000o\000\040\000S\000i\000s\000t\000e\000m\000a}{}% 4
\BOOKMARK [1][-]{section.4}{\376\377\000R\000e\000q\000u\000i\000s\000i\000t\000o\000s}{}% 5
\BOOKMARK [2][-]{subsection.4.1}{\376\377\000R\000e\000q\000u\000i\000s\000i\000t\000o\000s\000\040\000F\000u\000n\000c\000i\000o\000n\000a\000i\000s}{section.4}% 6
\BOOKMARK [2][-]{subsection.4.2}{\376\377\000R\000e\000q\000u\000i\000s\000i\000t\000o\000s\000\040\000d\000e\000\040\000Q\000u\000a\000l\000i\000d\000a\000d\000e}{section.4}% 7
\BOOKMARK [1][-]{section.5}{\376\377\000A\000r\000q\000u\000i\000t\000e\000t\000u\000r\000a\000\040\000d\000o\000\040\000S\000i\000s\000t\000e\000m\000a}{}% 8
\BOOKMARK [2][-]{subsection.5.1}{\376\377\000V\000i\000s\000\343\000o\000\040\000d\000e\000\040\000A\000l\000t\000o\000\040\000N\000\355\000v\000e\000l}{section.5}% 9
\BOOKMARK [2][-]{subsection.5.2}{\376\377\000C\000a\000m\000a\000d\000a\000s\000\040\000L\000\363\000g\000i\000c\000a\000s}{section.5}% 10
\BOOKMARK [1][-]{section.6}{\376\377\000S\000t\000a\000c\000k\000\040\000T\000e\000c\000n\000o\000l\000\363\000g\000i\000c\000o}{}% 11
\BOOKMARK [2][-]{subsection.6.1}{\376\377\000J\000u\000s\000t\000i\000f\000i\000c\000a\000\347\000\343\000o\000\040\000D\000e\000t\000a\000l\000h\000a\000d\000a\000\040\000d\000a\000s\000\040\000E\000s\000c\000o\000l\000h\000a\000s\000-\000C\000h\000a\000v\000e}{section.6}% 12
\BOOKMARK [1][-]{section.7}{\376\377\000M\000o\000d\000e\000l\000o\000\040\000d\000e\000\040\000D\000a\000d\000o\000s}{}% 13
\BOOKMARK [2][-]{subsection.7.1}{\376\377\000E\000n\000t\000i\000d\000a\000d\000e\000s\000\040\000d\000e\000\040\000D\000o\000m\000\355\000n\000i\000o}{section.7}% 14
\BOOKMARK [2][-]{subsection.7.2}{\376\377\000D\000i\000a\000g\000r\000a\000m\000a\000\040\000d\000o\000\040\000M\000o\000d\000e\000l\000o\000\040\000d\000e\000\040\000D\000a\000d\000o\000s}{section.7}% 15
\BOOKMARK [2][-]{subsection.7.3}{\376\377\000D\000e\000c\000i\000s\000\365\000e\000s\000\040\000d\000e\000\040\000M\000o\000d\000e\000l\000a\000\347\000\343\000o\000\040\000R\000e\000l\000e\000v\000a\000n\000t\000e\000s}{section.7}% 16
\BOOKMARK [2][-]{subsection.7.4}{\376\377\000E\000x\000c\000e\000r\000t\000o\000\040\000d\000o\000\040\000S\000c\000h\000e\000m\000a\000\040\000P\000r\000i\000s\000m\000a}{section.7}% 17
\BOOKMARK [1][-]{section.8}{\376\377\000B\000a\000c\000k\000e\000n\000d\000\040\000e\000\040\000A\000P\000I}{}% 18
\BOOKMARK [1][-]{section.9}{\376\377\000C\000o\000n\000t\000r\000o\000l\000o\000\040\000d\000e\000\040\000V\000e\000r\000s\000\365\000e\000s}{}% 19
\BOOKMARK [1][-]{section.10}{\376\377\000G\000e\000s\000t\000\343\000o\000\040\000d\000e\000\040\000P\000r\000o\000j\000e\000t\000o\000\040\040\023\000\040\000S\000C\000R\000U\000M}{}% 20
\BOOKMARK [1][-]{section.11}{\376\377\000T\000e\000s\000t\000e\000s\000\040\000e\000\040\000I\000n\000t\000e\000g\000r\000a\000\347\000\343\000o\000\040\000C\000o\000n\000t\000\355\000n\000u\000a}{}% 21
\BOOKMARK [2][-]{subsection.11.1}{\376\377\000T\000e\000s\000t\000e\000s\000\040\000A\000u\000t\000o\000m\000a\000t\000i\000z\000a\000d\000o\000s}{section.11}% 22
\BOOKMARK [2][-]{subsection.11.2}{\376\377\000P\000i\000p\000e\000l\000i\000n\000e\000\040\000d\000e\000\040\000C\000I}{section.11}% 23
\BOOKMARK [1][-]{section.12}{\376\377\000D\000e\000p\000l\000o\000y\000m\000e\000n\000t}{}% 24
\BOOKMARK [2][-]{subsection.12.1}{\376\377\000E\000x\000e\000c\000u\000\347\000\343\000o\000\040\000L\000o\000c\000a\000l}{section.12}% 25
\BOOKMARK [2][-]{subsection.12.2}{\376\377\000A\000m\000b\000i\000e\000n\000t\000e\000\040\000d\000e\000\040\000P\000r\000o\000d\000u\000\347\000\343\000o}{section.12}% 26
\BOOKMARK [1][-]{section.13}{\376\377\000C\000o\000n\000c\000l\000u\000s\000\343\000o}{}% 27
